TN:
SF:/home/vasu/Documents/BTP/damn/damn-vulnerable-defi/contracts/abi-smuggling/AuthorizedExecutor.sol
FN:28,setPermissions
FN:49,execute
FN:68,getActionId
FNF:3
FNH:2
FNDA:1,setPermissions
FNDA:0,execute
FNDA:2,getActionId
DA:29,1
DA:30,0
DA:33,1
DA:34,2
DA:35,2
DA:36,2
DA:39,1
DA:41,1
DA:51,0
DA:52,0
DA:53,0
DA:57,0
DA:58,0
DA:61,0
DA:63,0
DA:69,2
LF:16
LH:8
BRDA:29,1,0,0
BRDA:29,1,1,1
BRDA:49,2,0,0
BRDA:49,2,1,0
BRDA:57,3,0,0
BRDA:57,3,1,0
BRF:6
BRH:1
end_of_record
TN:
SF:/home/vasu/Documents/BTP/damn/damn-vulnerable-defi/contracts/abi-smuggling/SelfAuthorizedVault.sol
FN:23,onlyThis
FN:36,withdraw
FN:50,sweepFunds
FN:54,getLastWithdrawalTimestamp
FN:58,_beforeFunctionCall
FNF:5
FNH:2
FNDA:2,onlyThis
FNDA:0,withdraw
FNDA:0,sweepFunds
FNDA:1,getLastWithdrawalTimestamp
FNDA:0,_beforeFunctionCall
DA:24,2
DA:25,2
DA:27,0
DA:37,0
DA:38,0
DA:41,0
DA:42,0
DA:45,0
DA:47,0
DA:51,0
DA:55,1
DA:59,0
DA:60,0
LF:13
LH:3
BRDA:24,1,0,2
BRDA:24,1,1,0
BRDA:36,2,0,0
BRDA:36,2,1,1
BRDA:37,3,0,0
BRDA:37,3,1,0
BRDA:41,4,0,0
BRDA:41,4,1,0
BRDA:50,5,0,0
BRDA:50,5,1,1
BRDA:59,6,0,0
BRDA:59,6,1,0
BRF:12
BRH:3
end_of_record
TN:
SF:/home/vasu/Documents/BTP/damn/damn-vulnerable-defi/contracts/backdoor/WalletRegistry.sol
FN:41,constructor
FN:61,addBeneficiary
FN:69,proxyCreated
FN:127,_getFallbackManager
FNF:4
FNH:3
FNDA:3,constructor
FNDA:0,addBeneficiary
FNDA:52,proxyCreated
FNDA:52,_getFallbackManager
DA:47,3
DA:49,3
DA:50,3
DA:51,3
DA:53,3
DA:54,12
DA:55,12
DA:56,12
DA:62,0
DA:73,52
DA:74,0
DA:77,52
DA:80,52
DA:81,0
DA:84,52
DA:85,0
DA:89,52
DA:90,0
DA:94,52
DA:95,52
DA:96,0
DA:99,52
DA:100,52
DA:101,0
DA:105,52
DA:106,52
DA:107,52
DA:109,52
DA:110,0
DA:113,52
DA:114,51
DA:115,0
DA:118,51
DA:121,51
DA:124,50
DA:128,52
LF:36
LH:27
BRDA:61,1,0,0
BRDA:61,1,1,4
BRDA:73,2,0,0
BRDA:73,2,1,52
BRDA:80,3,0,0
BRDA:80,3,1,52
BRDA:84,4,0,0
BRDA:84,4,1,52
BRDA:89,5,0,0
BRDA:89,5,1,52
BRDA:95,6,0,0
BRDA:95,6,1,52
BRDA:100,7,0,0
BRDA:100,7,1,52
BRDA:109,8,0,0
BRDA:109,8,1,52
BRDA:114,9,0,0
BRDA:114,9,1,51
BRF:18
BRH:9
end_of_record
TN:
SF:/home/vasu/Documents/BTP/damn/damn-vulnerable-defi/contracts/climber/ClimberConstants.sol
FNF:0
FNH:0
LF:0
LH:0
BRF:0
BRH:0
end_of_record
TN:
SF:/home/vasu/Documents/BTP/damn/damn-vulnerable-defi/contracts/climber/ClimberErrors.sol
FNF:0
FNH:0
LF:0
LH:0
BRF:0
BRH:0
end_of_record
TN:
SF:/home/vasu/Documents/BTP/damn/damn-vulnerable-defi/contracts/climber/ClimberTimelock.sol
FN:29,constructor
FN:44,schedule
FN:70,execute
FN:102,updateDelay
FNF:4
FNH:0
FNDA:0,constructor
FNDA:0,schedule
FNDA:0,execute
FNDA:0,updateDelay
DA:30,0
DA:31,0
DA:32,0
DA:33,0
DA:34,0
DA:36,0
DA:45,0
DA:46,0
DA:49,0
DA:50,0
DA:53,0
DA:54,0
DA:57,0
DA:59,0
DA:60,0
DA:63,0
DA:64,0
DA:74,0
DA:75,0
DA:78,0
DA:79,0
DA:82,0
DA:83,0
DA:86,0
DA:88,0
DA:89,0
DA:90,0
DA:91,0
DA:95,0
DA:96,0
DA:99,0
DA:103,0
DA:104,0
DA:107,0
DA:108,0
DA:111,0
LF:36
LH:0
BRDA:44,1,0,0
BRDA:44,1,1,0
BRDA:45,2,0,0
BRDA:45,2,1,0
BRDA:45,3,0,0
BRDA:45,3,1,0
BRDA:49,4,0,0
BRDA:49,4,1,0
BRDA:53,5,0,0
BRDA:53,5,1,0
BRDA:59,6,0,0
BRDA:59,6,1,0
BRDA:74,7,0,0
BRDA:74,7,1,0
BRDA:78,8,0,0
BRDA:78,8,1,0
BRDA:82,9,0,0
BRDA:82,9,1,0
BRDA:95,10,0,0
BRDA:95,10,1,0
BRDA:103,11,0,0
BRDA:103,11,1,0
BRDA:107,12,0,0
BRDA:107,12,1,0
BRF:24
BRH:0
end_of_record
TN:
SF:/home/vasu/Documents/BTP/damn/damn-vulnerable-defi/contracts/climber/ClimberTimelockBase.sol
FN:31,getOperationState
FN:47,getOperationId
FNF:2
FNH:0
FNDA:0,getOperationState
FNDA:0,getOperationId
DA:32,0
DA:34,0
DA:35,0
DA:36,0
DA:38,0
DA:40,0
DA:43,0
DA:53,0
LF:8
LH:0
BRDA:34,1,0,0
BRDA:34,1,1,0
BRDA:35,2,0,0
BRDA:35,2,1,0
BRDA:37,3,0,0
BRDA:37,3,1,0
BRF:6
BRH:0
end_of_record
TN:
SF:/home/vasu/Documents/BTP/damn/damn-vulnerable-defi/contracts/climber/ClimberVault.sol
FN:23,onlySweeper
FN:31,constructor
FN:35,initialize
FN:48,withdraw
FN:63,sweepFunds
FN:67,getSweeper
FN:71,_setSweeper
FN:75,getLastWithdrawalTimestamp
FN:79,_updateLastWithdrawalTimestamp
FN:84,_authorizeUpgrade
FNF:10
FNH:0
FNDA:0,onlySweeper
FNDA:0,constructor
FNDA:0,initialize
FNDA:0,withdraw
FNDA:0,sweepFunds
FNDA:0,getSweeper
FNDA:0,_setSweeper
FNDA:0,getLastWithdrawalTimestamp
FNDA:0,_updateLastWithdrawalTimestamp
FNDA:0,_authorizeUpgrade
DA:24,0
DA:25,0
DA:27,0
DA:32,0
DA:37,0
DA:38,0
DA:41,0
DA:43,0
DA:44,0
DA:49,0
DA:50,0
DA:53,0
DA:54,0
DA:57,0
DA:59,0
DA:64,0
DA:68,0
DA:72,0
DA:76,0
DA:80,0
LF:20
LH:0
BRDA:24,1,0,0
BRDA:24,1,1,0
BRDA:35,2,0,0
BRDA:35,2,1,0
BRDA:48,3,0,0
BRDA:48,3,1,0
BRDA:49,4,0,0
BRDA:49,4,1,0
BRDA:53,5,0,0
BRDA:53,5,1,0
BRDA:63,6,0,0
BRDA:63,6,1,0
BRDA:84,7,0,0
BRDA:84,7,1,0
BRF:14
BRH:0
end_of_record
TN:
SF:/home/vasu/Documents/BTP/damn/damn-vulnerable-defi/contracts/compromised/Exchange.sol
FN:27,constructor
FN:33,buyOne
FN:50,sellOne
FNF:3
FNH:1
FNDA:12,constructor
FNDA:0,buyOne
FNDA:0,sellOne
DA:28,12
DA:29,12
DA:30,12
DA:34,0
DA:35,0
DA:38,0
DA:39,0
DA:40,0
DA:42,0
DA:43,0
DA:44,0
DA:47,0
DA:51,0
DA:52,0
DA:54,0
DA:55,0
DA:58,0
DA:59,0
DA:60,0
DA:62,0
DA:63,0
DA:65,0
DA:67,0
LF:23
LH:3
BRDA:33,1,0,0
BRDA:33,1,1,0
BRDA:34,2,0,0
BRDA:34,2,1,0
BRDA:39,3,0,0
BRDA:39,3,1,0
BRDA:50,4,0,0
BRDA:50,4,1,0
BRDA:51,5,0,0
BRDA:51,5,1,0
BRDA:54,6,0,0
BRDA:54,6,1,0
BRDA:59,7,0,0
BRDA:59,7,1,0
BRF:14
BRH:0
end_of_record
TN:
SF:/home/vasu/Documents/BTP/damn/damn-vulnerable-defi/contracts/compromised/TrustfulOracle.sol
FN:25,constructor
FN:41,setupInitialPrices
FN:54,postPrice
FN:58,getMedianPrice
FN:62,getAllPricesForSymbol
FN:72,getPriceBySource
FN:76,_setPrice
FN:82,_computeMedianPrice
FNF:8
FNH:3
FNDA:14,constructor
FNDA:14,setupInitialPrices
FNDA:0,postPrice
FNDA:0,getMedianPrice
FNDA:0,getAllPricesForSymbol
FNDA:0,getPriceBySource
FNDA:42,_setPrice
FNDA:0,_computeMedianPrice
DA:26,14
DA:27,0
DA:28,14
DA:29,42
DA:30,42
DA:31,42
DA:34,14
DA:35,14
DA:44,14
DA:45,14
DA:46,42
DA:47,42
DA:48,41
DA:51,13
DA:55,0
DA:59,0
DA:63,0
DA:64,0
DA:65,0
DA:66,0
DA:67,0
DA:68,0
DA:73,0
DA:77,42
DA:78,42
DA:79,41
DA:83,0
DA:84,0
DA:85,0
DA:86,0
DA:87,0
DA:88,0
DA:90,0
LF:33
LH:16
BRDA:26,1,0,0
BRDA:26,1,1,14
BRDA:34,2,0,14
BRDA:34,2,1,0
BRDA:41,3,0,14
BRDA:41,3,1,0
BRDA:44,4,0,14
BRDA:44,4,1,0
BRDA:54,5,0,0
BRDA:54,5,1,0
BRDA:85,6,0,0
BRDA:85,6,1,0
BRF:12
BRH:4
end_of_record
TN:
SF:/home/vasu/Documents/BTP/damn/damn-vulnerable-defi/contracts/compromised/TrustfulOracleInitializer.sol
FN:15,constructor
FNF:1
FNH:1
FNDA:14,constructor
DA:16,14
DA:17,14
DA:18,13
LF:3
LH:3
BRF:0
BRH:0
end_of_record
TN:
SF:/home/vasu/Documents/BTP/damn/damn-vulnerable-defi/contracts/DamnValuableNFT.sol
FN:17,constructor
FN:22,safeMint
FNF:2
FNH:1
FNDA:12,constructor
FNDA:0,safeMint
DA:18,12
DA:19,12
DA:23,0
DA:24,0
DA:25,0
LF:5
LH:2
BRDA:22,1,0,0
BRDA:22,1,1,0
BRF:2
BRH:0
end_of_record
TN:
SF:/home/vasu/Documents/BTP/damn/damn-vulnerable-defi/contracts/DamnValuableToken.sol
FN:11,constructor
FNF:1
FNH:1
FNDA:15,constructor
DA:12,15
LF:1
LH:1
BRF:0
BRH:0
end_of_record
TN:
SF:/home/vasu/Documents/BTP/damn/damn-vulnerable-defi/contracts/DamnValuableTokenSnapshot.sol
FN:14,constructor
FN:18,snapshot
FN:23,getBalanceAtLastSnapshot
FN:27,getTotalSupplyAtLastSnapshot
FNF:4
FNH:0
FNDA:0,constructor
FNDA:0,snapshot
FNDA:0,getBalanceAtLastSnapshot
FNDA:0,getTotalSupplyAtLastSnapshot
DA:15,0
DA:19,0
DA:20,0
DA:24,0
DA:28,0
LF:5
LH:0
BRF:0
BRH:0
end_of_record
TN:
SF:/home/vasu/Documents/BTP/damn/damn-vulnerable-defi/contracts/free-rider/FreeRiderNFTMarketplace.sol
FN:32,constructor
FN:42,offerMany
FN:58,_offerOne
FN:79,buyMany
FN:88,_buyOne
FNF:5
FNH:0
FNDA:0,constructor
FNDA:0,offerMany
FNDA:0,_offerOne
FNDA:0,buyMany
FNDA:0,_buyOne
DA:33,0
DA:34,0
DA:35,0
DA:36,0
DA:37,0
DA:39,0
DA:43,0
DA:44,0
DA:45,0
DA:47,0
DA:48,0
DA:50,0
DA:51,0
DA:52,0
DA:53,0
DA:59,0
DA:61,0
DA:62,0
DA:64,0
DA:65,0
DA:67,0
DA:68,0
DA:70,0
DA:72,0
DA:76,0
DA:80,0
DA:81,0
DA:82,0
DA:83,0
DA:89,0
DA:90,0
DA:91,0
DA:93,0
DA:94,0
DA:96,0
DA:99,0
DA:100,0
DA:103,0
DA:105,0
LF:39
LH:0
BRDA:42,1,0,0
BRDA:42,1,1,0
BRDA:44,2,0,0
BRDA:44,2,1,0
BRDA:47,3,0,0
BRDA:47,3,1,0
BRDA:61,4,0,0
BRDA:61,4,1,0
BRDA:64,5,0,0
BRDA:64,5,1,0
BRDA:67,6,0,0
BRDA:67,6,1,0
BRDA:79,7,0,0
BRDA:79,7,1,0
BRDA:90,8,0,0
BRDA:90,8,1,0
BRDA:93,9,0,0
BRDA:93,9,1,0
BRF:18
BRH:0
end_of_record
TN:
SF:/home/vasu/Documents/BTP/damn/damn-vulnerable-defi/contracts/free-rider/FreeRiderRecovery.sol
FN:27,constructor
FN:39,onERC721Received
FNF:2
FNH:0
FNDA:0,constructor
FNDA:0,onERC721Received
DA:28,0
DA:29,0
DA:30,0
DA:31,0
DA:32,0
DA:42,0
DA:43,0
DA:45,0
DA:46,0
DA:48,0
DA:49,0
DA:51,0
DA:52,0
DA:54,0
DA:55,0
DA:56,0
DA:59,0
LF:17
LH:0
BRDA:28,1,0,0
BRDA:28,1,1,0
BRDA:39,2,0,0
BRDA:39,2,1,0
BRDA:42,3,0,0
BRDA:42,3,1,0
BRDA:45,4,0,0
BRDA:45,4,1,0
BRDA:48,5,0,0
BRDA:48,5,1,0
BRDA:51,6,0,0
BRDA:51,6,1,0
BRDA:54,7,0,0
BRDA:54,7,1,0
BRF:14
BRH:0
end_of_record
TN:
SF:/home/vasu/Documents/BTP/damn/damn-vulnerable-defi/contracts/naive-receiver/FlashLoanReceiver.sol
FN:20,constructor
FN:24,onFlashLoan
FN:55,_executeActionDuringFlashLoan
FNF:3
FNH:0
FNDA:0,constructor
FNDA:0,onFlashLoan
FNDA:0,_executeActionDuringFlashLoan
DA:21,0
DA:31,0
DA:38,0
DA:39,0
DA:41,0
DA:42,0
DA:43,0
DA:46,0
DA:49,0
DA:51,0
LF:10
LH:0
BRDA:38,1,0,0
BRDA:38,1,1,0
BRF:2
BRH:0
end_of_record
TN:
SF:/home/vasu/Documents/BTP/damn/damn-vulnerable-defi/contracts/naive-receiver/NaiveReceiverLenderPool.sol
FN:24,maxFlashLoan
FN:31,flashFee
FN:37,flashLoan
FNF:3
FNH:0
FNDA:0,maxFlashLoan
FNDA:0,flashFee
FNDA:0,flashLoan
DA:25,0
DA:26,0
DA:28,0
DA:32,0
DA:33,0
DA:34,0
DA:43,0
DA:44,0
DA:46,0
DA:49,0
DA:50,0
DA:57,0
DA:60,0
DA:61,0
DA:63,0
LF:15
LH:0
BRDA:25,1,0,0
BRDA:25,1,1,0
BRDA:32,2,0,0
BRDA:32,2,1,0
BRDA:43,3,0,0
BRDA:43,3,1,0
BRDA:50,4,0,0
BRDA:50,4,1,0
BRDA:60,5,0,0
BRDA:60,5,1,0
BRF:10
BRH:0
end_of_record
TN:
SF:/home/vasu/Documents/BTP/damn/damn-vulnerable-defi/contracts/player-contracts/AttackerBackdoor.sol
FN:17,approve
FN:29,constructor
FNF:2
FNH:2
FNDA:52,approve
FNDA:13,constructor
DA:18,52
DA:30,13
DA:31,13
DA:32,13
DA:33,13
DA:35,13
DA:36,13
DA:37,13
DA:38,52
DA:39,52
DA:49,52
DA:55,50
DA:56,50
DA:57,50
LF:14
LH:14
BRF:0
BRH:0
end_of_record
TN:
SF:/home/vasu/Documents/BTP/damn/damn-vulnerable-defi/contracts/player-contracts/AttackerClimberTimelock.sol
FN:9,schedule
FN:41,withdraw
FN:51,constructor
FN:58,attack
FNF:4
FNH:0
FNDA:0,schedule
FNDA:0,withdraw
FNDA:0,constructor
FNDA:0,attack
DA:11,0
DA:12,0
DA:13,0
DA:14,0
DA:16,0
DA:17,0
DA:20,0
DA:21,0
DA:24,0
DA:25,0
DA:28,0
DA:29,0
DA:31,0
DA:42,0
DA:52,0
DA:53,0
DA:54,0
DA:55,0
DA:59,0
DA:60,0
DA:61,0
DA:62,0
DA:63,0
DA:65,0
DA:66,0
DA:69,0
DA:70,0
DA:73,0
DA:74,0
DA:77,0
DA:78,0
DA:80,0
LF:32
LH:0
BRF:0
BRH:0
end_of_record
TN:
SF:/home/vasu/Documents/BTP/damn/damn-vulnerable-defi/contracts/player-contracts/AttackerFreeRider.sol
FN:29,constructor
FN:38,attack
FN:43,uniswapV2Call
FN:55,onERC721Received
FNF:4
FNH:0
FNDA:0,constructor
FNDA:0,attack
FNDA:0,uniswapV2Call
FNDA:0,onERC721Received
DA:30,0
DA:31,0
DA:32,0
DA:33,0
DA:34,0
DA:35,0
DA:39,0
DA:40,0
DA:44,0
DA:45,0
DA:46,0
DA:47,0
DA:48,0
DA:49,0
DA:50,0
DA:51,0
DA:61,0
LF:17
LH:0
BRF:0
BRH:0
end_of_record
TN:
SF:/home/vasu/Documents/BTP/damn/damn-vulnerable-defi/contracts/player-contracts/AttackerNaive.sol
FN:15,constructor
FNF:1
FNH:0
FNDA:0,constructor
DA:16,0
DA:17,0
LF:2
LH:0
BRF:0
BRH:0
end_of_record
TN:
SF:/home/vasu/Documents/BTP/damn/damn-vulnerable-defi/contracts/player-contracts/AttackerPuppet.sol
FN:27,constructor
FN:35,attack
FNF:2
FNH:0
FNDA:0,constructor
FNDA:0,attack
DA:28,0
DA:29,0
DA:30,0
DA:31,0
DA:37,0
DA:38,0
DA:39,0
DA:41,0
DA:43,0
DA:44,0
LF:10
LH:0
BRF:0
BRH:0
end_of_record
TN:
SF:/home/vasu/Documents/BTP/damn/damn-vulnerable-defi/contracts/player-contracts/AttackerPuppetV2.sol
FN:43,constructor
FN:55,attack
FNF:2
FNH:0
FNDA:0,constructor
FNDA:0,attack
DA:48,0
DA:49,0
DA:50,0
DA:51,0
DA:52,0
DA:57,0
DA:58,0
DA:59,0
DA:60,0
DA:61,0
DA:62,0
DA:65,0
DA:66,0
DA:69,0
DA:70,0
DA:73,0
DA:74,0
DA:75,0
LF:18
LH:0
BRF:0
BRH:0
end_of_record
TN:
SF:/home/vasu/Documents/BTP/damn/damn-vulnerable-defi/contracts/player-contracts/AttackerRewarder.sol
FN:21,constructor
FN:28,attack
FN:32,receiveFlashLoan
FNF:3
FNH:0
FNDA:0,constructor
FNDA:0,attack
FNDA:0,receiveFlashLoan
DA:22,0
DA:23,0
DA:24,0
DA:25,0
DA:26,0
DA:29,0
DA:33,0
DA:34,0
DA:36,0
DA:37,0
DA:38,0
DA:39,0
LF:12
LH:0
BRF:0
BRH:0
end_of_record
TN:
SF:/home/vasu/Documents/BTP/damn/damn-vulnerable-defi/contracts/player-contracts/AttackerSalfie.sol
FN:37,constructor
FN:45,startAttack
FN:49,onFlashLoan
FN:66,finalAttack
FNF:4
FNH:0
FNDA:0,constructor
FNDA:0,startAttack
FNDA:0,onFlashLoan
FNDA:0,finalAttack
DA:38,0
DA:39,0
DA:40,0
DA:41,0
DA:42,0
DA:46,0
DA:56,0
DA:57,0
DA:58,0
DA:59,0
DA:60,0
DA:61,0
DA:62,0
DA:63,0
DA:67,0
LF:15
LH:0
BRDA:56,1,0,0
BRDA:56,1,1,0
BRDA:57,2,0,0
BRDA:57,2,1,0
BRDA:58,3,0,0
BRDA:58,3,1,0
BRDA:59,4,0,0
BRDA:59,4,1,0
BRF:8
BRH:0
end_of_record
TN:
SF:/home/vasu/Documents/BTP/damn/damn-vulnerable-defi/contracts/player-contracts/AttackerSideEntrance.sol
FN:14,constructor
FN:18,attack
FN:23,execute
FNF:3
FNH:0
FNDA:0,constructor
FNDA:0,attack
FNDA:0,execute
DA:15,0
DA:16,0
DA:19,0
DA:20,0
DA:21,0
DA:24,0
LF:6
LH:0
BRF:0
BRH:0
end_of_record
TN:
SF:/home/vasu/Documents/BTP/damn/damn-vulnerable-defi/contracts/puppet-v2/PuppetV2Pool.sol
FN:29,constructor
FN:43,borrow
FN:58,calculateDepositOfWETHRequired
FN:64,_getOracleQuote
FNF:4
FNH:0
FNDA:0,constructor
FNDA:0,borrow
FNDA:0,calculateDepositOfWETHRequired
FNDA:0,_getOracleQuote
DA:32,0
DA:33,0
DA:34,0
DA:35,0
DA:45,0
DA:48,0
DA:51,0
DA:53,0
DA:55,0
DA:59,0
DA:60,0
DA:65,0
DA:67,0
LF:13
LH:0
BRDA:53,1,0,0
BRDA:53,1,1,0
BRF:2
BRH:0
end_of_record
TN:
SF:/home/vasu/Documents/BTP/damn/damn-vulnerable-defi/contracts/puppet-v3/PuppetV3Pool.sol
FN:26,constructor
FN:38,borrow
FN:53,calculateDepositOfWETHRequired
FN:58,_getOracleQuote
FN:68,_toUint128
FNF:5
FNH:0
FNDA:0,constructor
FNDA:0,borrow
FNDA:0,calculateDepositOfWETHRequired
FNDA:0,_getOracleQuote
FNDA:0,_toUint128
DA:27,0
DA:28,0
DA:29,0
DA:40,0
DA:43,0
DA:46,0
DA:48,0
DA:50,0
DA:54,0
DA:55,0
DA:59,0
DA:60,0
DA:69,0
LF:13
LH:0
BRDA:69,1,0,0
BRDA:69,1,1,0
BRF:2
BRH:0
end_of_record
TN:
SF:/home/vasu/Documents/BTP/damn/damn-vulnerable-defi/contracts/puppet/PuppetPool.sol
FN:28,constructor
FN:34,borrow
FN:57,calculateDepositRequired
FN:61,_computeOraclePrice
FNF:4
FNH:1
FNDA:3,constructor
FNDA:0,borrow
FNDA:0,calculateDepositRequired
FNDA:0,_computeOraclePrice
DA:29,3
DA:30,3
DA:35,0
DA:37,0
DA:38,0
DA:40,0
DA:41,0
DA:42,0
DA:46,0
DA:47,0
DA:51,0
DA:52,0
DA:54,0
DA:58,0
DA:63,0
LF:15
LH:2
BRDA:34,1,0,0
BRDA:34,1,1,0
BRDA:37,2,0,0
BRDA:37,2,1,0
BRDA:40,3,0,0
BRDA:40,3,1,0
BRDA:51,4,0,0
BRDA:51,4,1,0
BRF:8
BRH:0
end_of_record
TN:
SF:/home/vasu/Documents/BTP/damn/damn-vulnerable-defi/contracts/selfie/ISimpleGovernance.sol
FNF:0
FNH:0
LF:0
LH:0
BRF:0
BRH:0
end_of_record
TN:
SF:/home/vasu/Documents/BTP/damn/damn-vulnerable-defi/contracts/selfie/SelfiePool.sol
FN:27,onlyGovernance
FN:33,constructor
FN:38,maxFlashLoan
FN:44,flashFee
FN:55,flashLoan
FN:69,emergencyExit
FNF:6
FNH:0
FNDA:0,onlyGovernance
FNDA:0,constructor
FNDA:0,maxFlashLoan
FNDA:0,flashFee
FNDA:0,flashLoan
FNDA:0,emergencyExit
DA:28,0
DA:29,0
DA:30,0
DA:34,0
DA:35,0
DA:39,0
DA:40,0
DA:41,0
DA:45,0
DA:46,0
DA:47,0
DA:56,0
DA:57,0
DA:59,0
DA:60,0
DA:61,0
DA:63,0
DA:64,0
DA:66,0
DA:70,0
DA:71,0
DA:73,0
LF:22
LH:0
BRDA:28,1,0,0
BRDA:28,1,1,0
BRDA:39,2,0,0
BRDA:39,2,1,0
BRDA:45,3,0,0
BRDA:45,3,1,0
BRDA:55,4,0,0
BRDA:55,4,1,0
BRDA:56,5,0,0
BRDA:56,5,1,0
BRDA:60,6,0,0
BRDA:60,6,1,0
BRDA:63,7,0,0
BRDA:63,7,1,0
BRDA:69,8,0,0
BRDA:69,8,1,0
BRF:16
BRH:0
end_of_record
TN:
SF:/home/vasu/Documents/BTP/damn/damn-vulnerable-defi/contracts/selfie/SimpleGovernance.sol
FN:18,constructor
FN:23,queueAction
FN:48,executeAction
FN:71,getActionDelay
FN:75,getGovernanceToken
FN:79,getAction
FN:83,getActionCounter
FN:92,_canBeExecuted
FN:106,_hasEnoughVotes
FNF:9
FNH:0
FNDA:0,constructor
FNDA:0,queueAction
FNDA:0,executeAction
FNDA:0,getActionDelay
FNDA:0,getGovernanceToken
FNDA:0,getAction
FNDA:0,getActionCounter
FNDA:0,_canBeExecuted
FNDA:0,_hasEnoughVotes
DA:19,0
DA:20,0
DA:24,0
DA:25,0
DA:27,0
DA:28,0
DA:30,0
DA:31,0
DA:33,0
DA:35,0
DA:43,0
DA:45,0
DA:49,0
DA:50,0
DA:52,0
DA:53,0
DA:55,0
DA:57,0
DA:58,0
DA:59,0
DA:60,0
DA:64,0
DA:68,0
DA:72,0
DA:76,0
DA:80,0
DA:84,0
DA:93,0
DA:95,0
DA:96,0
DA:98,0
DA:99,0
DA:100,0
DA:103,0
DA:107,0
DA:108,0
DA:109,0
LF:37
LH:0
BRDA:24,1,0,0
BRDA:24,1,1,0
BRDA:27,2,0,0
BRDA:27,2,1,0
BRDA:30,3,0,0
BRDA:30,3,1,0
BRDA:49,4,0,0
BRDA:49,4,1,0
BRDA:58,5,0,0
BRDA:58,5,1,0
BRDA:59,6,0,0
BRDA:59,6,1,0
BRDA:95,7,0,0
BRDA:95,7,1,0
BRF:14
BRH:0
end_of_record
TN:
SF:/home/vasu/Documents/BTP/damn/damn-vulnerable-defi/contracts/side-entrance/SideEntranceLenderPool.sol
FN:23,deposit
FN:30,withdraw
FN:39,flashLoan
FNF:3
FNH:0
FNDA:0,deposit
FNDA:0,withdraw
FNDA:0,flashLoan
DA:24,0
DA:25,0
DA:27,0
DA:31,0
DA:33,0
DA:34,0
DA:36,0
DA:40,0
DA:42,0
DA:44,0
DA:45,0
LF:11
LH:0
BRDA:44,1,0,0
BRDA:44,1,1,0
BRF:2
BRH:0
end_of_record
TN:
SF:/home/vasu/Documents/BTP/damn/damn-vulnerable-defi/contracts/the-rewarder/AccountingToken.sol
FN:21,constructor
FN:26,mint
FN:30,burn
FN:34,snapshot
FN:38,_transfer
FN:42,_approve
FNF:6
FNH:0
FNDA:0,constructor
FNDA:0,mint
FNDA:0,burn
FNDA:0,snapshot
FNDA:0,_transfer
FNDA:0,_approve
DA:22,0
DA:23,0
DA:27,0
DA:31,0
DA:35,0
DA:39,0
DA:43,0
LF:7
LH:0
BRDA:26,1,0,0
BRDA:26,1,1,0
BRDA:30,2,0,0
BRDA:30,2,1,0
BRDA:34,3,0,0
BRDA:34,3,1,0
BRF:6
BRH:0
end_of_record
TN:
SF:/home/vasu/Documents/BTP/damn/damn-vulnerable-defi/contracts/the-rewarder/FlashLoanerPool.sol
FN:23,constructor
FN:27,flashLoan
FNF:2
FNH:0
FNDA:0,constructor
FNDA:0,flashLoan
DA:24,0
DA:28,0
DA:30,0
DA:31,0
DA:34,0
DA:35,0
DA:38,0
DA:40,0
DA:42,0
DA:43,0
LF:10
LH:0
BRDA:27,1,0,0
BRDA:27,1,1,0
BRDA:30,2,0,0
BRDA:30,2,1,0
BRDA:34,3,0,0
BRDA:34,3,1,0
BRDA:42,4,0,0
BRDA:42,4,1,0
BRF:8
BRH:0
end_of_record
TN:
SF:/home/vasu/Documents/BTP/damn/damn-vulnerable-defi/contracts/the-rewarder/RewardToken.sol
FN:15,constructor
FN:20,mint
FNF:2
FNH:0
FNDA:0,constructor
FNDA:0,mint
DA:16,0
DA:17,0
DA:21,0
LF:3
LH:0
BRDA:20,1,0,0
BRDA:20,1,1,0
BRF:2
BRH:0
end_of_record
TN:
SF:/home/vasu/Documents/BTP/damn/damn-vulnerable-defi/contracts/the-rewarder/TheRewarderPool.sol
FN:38,constructor
FN:52,deposit
FN:68,withdraw
FN:73,distributeRewards
FN:90,_recordSnapshot
FN:98,_hasRetrievedReward
FN:105,isNewRewardsRound
FNF:7
FNH:0
FNDA:0,constructor
FNDA:0,deposit
FNDA:0,withdraw
FNDA:0,distributeRewards
FNDA:0,_recordSnapshot
FNDA:0,_hasRetrievedReward
FNDA:0,isNewRewardsRound
DA:40,0
DA:41,0
DA:42,0
DA:44,0
DA:53,0
DA:54,0
DA:57,0
DA:58,0
DA:60,0
DA:69,0
DA:70,0
DA:74,0
DA:75,0
DA:78,0
DA:79,0
DA:81,0
DA:82,0
DA:83,0
DA:84,0
DA:85,0
DA:91,0
DA:92,0
DA:93,0
DA:94,0
DA:99,0
DA:106,0
LF:26
LH:0
BRDA:53,1,0,0
BRDA:53,1,1,0
BRDA:74,2,0,0
BRDA:74,2,1,0
BRDA:81,3,0,0
BRDA:81,3,1,0
BRDA:83,4,0,0
BRDA:83,4,1,0
BRF:8
BRH:0
end_of_record
TN:
SF:/home/vasu/Documents/BTP/damn/damn-vulnerable-defi/contracts/truster/TrusterLenderPool.sol
FN:20,constructor
FN:26,flashLoan
FNF:2
FNH:0
FNDA:0,constructor
FNDA:0,flashLoan
DA:21,0
DA:29,0
DA:31,0
DA:32,0
DA:34,0
DA:35,0
DA:37,0
LF:7
LH:0
BRDA:26,1,0,0
BRDA:26,1,1,0
BRDA:34,2,0,0
BRDA:34,2,1,0
BRF:4
BRH:0
end_of_record
TN:
SF:/home/vasu/Documents/BTP/damn/damn-vulnerable-defi/contracts/unstoppable/ReceiverUnstoppable.sol
FN:17,constructor
FN:21,onFlashLoan
FN:36,executeFlashLoan
FNF:3
FNH:0
FNDA:0,constructor
FNDA:0,onFlashLoan
FNDA:0,executeFlashLoan
DA:18,0
DA:28,0
DA:29,0
DA:31,0
DA:33,0
DA:37,0
DA:38,0
LF:7
LH:0
BRDA:28,1,0,0
BRDA:28,1,1,0
BRDA:28,2,0,0
BRDA:28,2,1,0
BRDA:28,3,0,0
BRDA:28,3,1,0
BRDA:28,4,0,0
BRDA:28,4,1,0
BRDA:36,5,0,0
BRDA:36,5,1,0
BRF:10
BRH:0
end_of_record
TN:
SF:/home/vasu/Documents/BTP/damn/damn-vulnerable-defi/contracts/unstoppable/UnstoppableVault.sol
FN:35,constructor
FN:44,maxFlashLoan
FN:54,flashFee
FN:65,setFeeRecipient
FN:75,totalAssets
FN:88,flashLoan
FN:112,beforeWithdraw
FN:117,afterDeposit
FNF:8
FNH:0
FNDA:0,constructor
FNDA:0,maxFlashLoan
FNDA:0,flashFee
FNDA:0,setFeeRecipient
FNDA:0,totalAssets
FNDA:0,flashLoan
FNDA:0,beforeWithdraw
FNDA:0,afterDeposit
DA:37,0
DA:38,0
DA:45,0
DA:46,0
DA:48,0
DA:55,0
DA:56,0
DA:58,0
DA:59,0
DA:61,0
DA:66,0
DA:67,0
DA:68,0
DA:76,0
DA:82,0
DA:94,0
DA:95,0
DA:96,0
DA:97,0
DA:98,0
DA:100,0
DA:102,0
DA:103,0
DA:105,0
DA:106,0
DA:107,0
LF:26
LH:0
BRDA:45,1,0,0
BRDA:45,1,1,0
BRDA:55,2,0,0
BRDA:55,2,1,0
BRDA:58,3,0,0
BRDA:58,3,1,0
BRDA:65,4,0,0
BRDA:65,4,1,0
BRDA:66,5,0,0
BRDA:66,5,1,0
BRDA:94,6,0,0
BRDA:94,6,1,0
BRDA:95,7,0,0
BRDA:95,7,1,0
BRDA:97,8,0,0
BRDA:97,8,1,0
BRDA:102,9,0,0
BRDA:102,9,1,0
BRDA:112,10,0,0
BRDA:112,10,1,0
BRDA:117,11,0,0
BRDA:117,11,1,0
BRF:22
BRH:0
end_of_record
